2026-02-27T15:52:07.168854-0800 INFO Chamando função 'pipeline_calcular_kpi_de_vendas_consolidado' com args ('data', ['csv', 'parquet']) e kwargs {} utils_log.py
2026-02-27T15:52:07.169857-0800 INFO Chamando função 'extrair_dados_e_consolidar' com args ('data',) e kwargs {} utils_log.py
2026-02-27T15:52:07.196864-0800 INFO Função 'extrair_dados_e_consolidar' retornou             Produto    Categoria  Quantidade  Venda        Data
0    Notebook Gamer  Eletrônicos           3   1500  2023-01-15
1     Mouse Sem Fio  Eletrônicos          10     30  2023-01-15
2  Teclado Mecânico  Eletrônicos           5    100  2023-01-15
3    Notebook Gamer  Eletrônicos           7   1500  2023-01-16
4     Mouse Sem Fio  Eletrônicos          10     30  2023-01-16
5  Teclado Mecânico  Eletrônicos           3    100  2023-01-16
6    Notebook Gamer  Eletrônicos           2   1500  2023-01-17
7     Mouse Sem Fio  Eletrônicos          14     30  2023-01-17
8  Teclado Mecânico  Eletrônicos           2    100  2023-01-17 utils_log.py
2026-02-27T15:52:07.215093-0800 INFO Chamando função 'calcular_kpi_total_de_vendas' com args (            Produto    Categoria  Quantidade  Venda        Data
0    Notebook Gamer  Eletrônicos           3   1500  2023-01-15
1     Mouse Sem Fio  Eletrônicos          10     30  2023-01-15
2  Teclado Mecânico  Eletrônicos           5    100  2023-01-15
3    Notebook Gamer  Eletrônicos           7   1500  2023-01-16
4     Mouse Sem Fio  Eletrônicos          10     30  2023-01-16
5  Teclado Mecânico  Eletrônicos           3    100  2023-01-16
6    Notebook Gamer  Eletrônicos           2   1500  2023-01-17
7     Mouse Sem Fio  Eletrônicos          14     30  2023-01-17
8  Teclado Mecânico  Eletrônicos           2    100  2023-01-17,) e kwargs {} utils_log.py
2026-02-27T15:52:07.229128-0800 INFO Função 'calcular_kpi_total_de_vendas' retornou             Produto    Categoria  Quantidade  Venda        Data  Total
0    Notebook Gamer  Eletrônicos           3   1500  2023-01-15   4500
1     Mouse Sem Fio  Eletrônicos          10     30  2023-01-15    300
2  Teclado Mecânico  Eletrônicos           5    100  2023-01-15    500
3    Notebook Gamer  Eletrônicos           7   1500  2023-01-16  10500
4     Mouse Sem Fio  Eletrônicos          10     30  2023-01-16    300
5  Teclado Mecânico  Eletrônicos           3    100  2023-01-16    300
6    Notebook Gamer  Eletrônicos           2   1500  2023-01-17   3000
7     Mouse Sem Fio  Eletrônicos          14     30  2023-01-17    420
8  Teclado Mecânico  Eletrônicos           2    100  2023-01-17    200 utils_log.py
2026-02-27T15:52:07.238103-0800 INFO Chamando função 'carregar_dados' com args (            Produto    Categoria  Quantidade  Venda        Data  Total
0    Notebook Gamer  Eletrônicos           3   1500  2023-01-15   4500
1     Mouse Sem Fio  Eletrônicos          10     30  2023-01-15    300
2  Teclado Mecânico  Eletrônicos           5    100  2023-01-15    500
3    Notebook Gamer  Eletrônicos           7   1500  2023-01-16  10500
4     Mouse Sem Fio  Eletrônicos          10     30  2023-01-16    300
5  Teclado Mecânico  Eletrônicos           3    100  2023-01-16    300
6    Notebook Gamer  Eletrônicos           2   1500  2023-01-17   3000
7     Mouse Sem Fio  Eletrônicos          14     30  2023-01-17    420
8  Teclado Mecânico  Eletrônicos           2    100  2023-01-17    200, ['csv', 'parquet']) e kwargs {} utils_log.py
2026-02-27T15:52:07.247923-0800 ERROR Exceção capturada em 'carregar_dados': Unable to find a usable engine; tried using: 'pyarrow', 'fastparquet'.
A suitable version of pyarrow or fastparquet is required for parquet support.
Trying to import the above resulted in these errors:
 - `Import pyarrow` failed. pyarrow is required for parquet support. Use pip or conda to install the pyarrow package.
 - `Import fastparquet` failed. fastparquet is required for parquet support. Use pip or conda to install the fastparquet package. utils_log.py
Traceback (most recent call last):

  File "D:\Users\Natara\OneDrive\Backup\Wesley\Estudos\Jornada_de_Dados\python\aula09_python_jornada\pipeline.py", line 7, in <module>
    pipeline_calcular_kpi_de_vendas_consolidado(pasta_argumento, formato_de_saida)
    │                                           │                └ ['csv', 'parquet']
    │                                           └ 'data'
    └ <function pipeline_calcular_kpi_de_vendas_consolidado at 0x000002AE1AEC3B00>

  File "D:\Users\Natara\OneDrive\Backup\Wesley\Estudos\Jornada_de_Dados\python\aula09_python_jornada\utils_log.py", line 27, in wrapper
    result = func(*args, **kwargs)
             │     │       └ {}
             │     └ ('data', ['csv', 'parquet'])
             └ <function pipeline_calcular_kpi_de_vendas_consolidado at 0x000002AE1AEC3A60>

  File "D:\Users\Natara\OneDrive\Backup\Wesley\Estudos\Jornada_de_Dados\python\aula09_python_jornada\etl.py", line 44, in pipeline_calcular_kpi_de_vendas_consolidado
    carregar_dados(data_frame_calculado, formato_de_saida)
    │              │                     └ ['csv', 'parquet']
    │              └             Produto    Categoria  Quantidade  Venda        Data  Total
    │                0    Notebook Gamer  Eletrônicos           3   1500  2...
    └ <function carregar_dados at 0x000002AE1AEC39C0>

> File "D:\Users\Natara\OneDrive\Backup\Wesley\Estudos\Jornada_de_Dados\python\aula09_python_jornada\utils_log.py", line 27, in wrapper
    result = func(*args, **kwargs)
             │     │       └ {}
             │     └ (            Produto    Categoria  Quantidade  Venda        Data  Total
             │       0    Notebook Gamer  Eletrônicos           3   1500  ...
             └ <function carregar_dados at 0x000002AE1AEC3920>

  File "D:\Users\Natara\OneDrive\Backup\Wesley\Estudos\Jornada_de_Dados\python\aula09_python_jornada\etl.py", line 35, in carregar_dados
    df.to_parquet("dados.parquet", index=False)
    │  └ <function DataFrame.to_parquet at 0x000002AE199A8FE0>
    └             Produto    Categoria  Quantidade  Venda        Data  Total
      0    Notebook Gamer  Eletrônicos           3   1500  2...

  File "D:\Users\Natara\OneDrive\Backup\Wesley\Estudos\Jornada_de_Dados\python\aula09_python_jornada\.venv\Lib\site-packages\pandas\core\frame.py", line 3135, in to_parquet
    return to_parquet(
           └ <function to_parquet at 0x000002AE1AC13A60>
  File "D:\Users\Natara\OneDrive\Backup\Wesley\Estudos\Jornada_de_Dados\python\aula09_python_jornada\.venv\Lib\site-packages\pandas\io\parquet.py", line 486, in to_parquet
    impl = get_engine(engine)
           │          └ 'auto'
           └ <function get_engine at 0x000002AE1AC13920>
  File "D:\Users\Natara\OneDrive\Backup\Wesley\Estudos\Jornada_de_Dados\python\aula09_python_jornada\.venv\Lib\site-packages\pandas\io\parquet.py", line 68, in get_engine
    raise ImportError(

ImportError: Unable to find a usable engine; tried using: 'pyarrow', 'fastparquet'.
A suitable version of pyarrow or fastparquet is required for parquet support.
Trying to import the above resulted in these errors:
 - `Import pyarrow` failed. pyarrow is required for parquet support. Use pip or conda to install the pyarrow package.
 - `Import fastparquet` failed. fastparquet is required for parquet support. Use pip or conda to install the fastparquet package.
2026-02-27T15:52:07.350890-0800 ERROR Exceção capturada em 'pipeline_calcular_kpi_de_vendas_consolidado': Unable to find a usable engine; tried using: 'pyarrow', 'fastparquet'.
A suitable version of pyarrow or fastparquet is required for parquet support.
Trying to import the above resulted in these errors:
 - `Import pyarrow` failed. pyarrow is required for parquet support. Use pip or conda to install the pyarrow package.
 - `Import fastparquet` failed. fastparquet is required for parquet support. Use pip or conda to install the fastparquet package. utils_log.py
Traceback (most recent call last):

  File "D:\Users\Natara\OneDrive\Backup\Wesley\Estudos\Jornada_de_Dados\python\aula09_python_jornada\pipeline.py", line 7, in <module>
    pipeline_calcular_kpi_de_vendas_consolidado(pasta_argumento, formato_de_saida)
    │                                           │                └ ['csv', 'parquet']
    │                                           └ 'data'
    └ <function pipeline_calcular_kpi_de_vendas_consolidado at 0x000002AE1AEC3B00>

> File "D:\Users\Natara\OneDrive\Backup\Wesley\Estudos\Jornada_de_Dados\python\aula09_python_jornada\utils_log.py", line 27, in wrapper
    result = func(*args, **kwargs)
             │     │       └ {}
             │     └ ('data', ['csv', 'parquet'])
             └ <function pipeline_calcular_kpi_de_vendas_consolidado at 0x000002AE1AEC3A60>

  File "D:\Users\Natara\OneDrive\Backup\Wesley\Estudos\Jornada_de_Dados\python\aula09_python_jornada\etl.py", line 44, in pipeline_calcular_kpi_de_vendas_consolidado
    carregar_dados(data_frame_calculado, formato_de_saida)
    │              │                     └ ['csv', 'parquet']
    │              └             Produto    Categoria  Quantidade  Venda        Data  Total
    │                0    Notebook Gamer  Eletrônicos           3   1500  2...
    └ <function carregar_dados at 0x000002AE1AEC39C0>

  File "D:\Users\Natara\OneDrive\Backup\Wesley\Estudos\Jornada_de_Dados\python\aula09_python_jornada\utils_log.py", line 27, in wrapper
    result = func(*args, **kwargs)
             │     │       └ {}
             │     └ (            Produto    Categoria  Quantidade  Venda        Data  Total
             │       0    Notebook Gamer  Eletrônicos           3   1500  ...
             └ <function carregar_dados at 0x000002AE1AEC3920>

  File "D:\Users\Natara\OneDrive\Backup\Wesley\Estudos\Jornada_de_Dados\python\aula09_python_jornada\etl.py", line 35, in carregar_dados
    df.to_parquet("dados.parquet", index=False)
    │  └ <function DataFrame.to_parquet at 0x000002AE199A8FE0>
    └             Produto    Categoria  Quantidade  Venda        Data  Total
      0    Notebook Gamer  Eletrônicos           3   1500  2...

  File "D:\Users\Natara\OneDrive\Backup\Wesley\Estudos\Jornada_de_Dados\python\aula09_python_jornada\.venv\Lib\site-packages\pandas\core\frame.py", line 3135, in to_parquet
    return to_parquet(
           └ <function to_parquet at 0x000002AE1AC13A60>
  File "D:\Users\Natara\OneDrive\Backup\Wesley\Estudos\Jornada_de_Dados\python\aula09_python_jornada\.venv\Lib\site-packages\pandas\io\parquet.py", line 486, in to_parquet
    impl = get_engine(engine)
           │          └ 'auto'
           └ <function get_engine at 0x000002AE1AC13920>
  File "D:\Users\Natara\OneDrive\Backup\Wesley\Estudos\Jornada_de_Dados\python\aula09_python_jornada\.venv\Lib\site-packages\pandas\io\parquet.py", line 68, in get_engine
    raise ImportError(

ImportError: Unable to find a usable engine; tried using: 'pyarrow', 'fastparquet'.
A suitable version of pyarrow or fastparquet is required for parquet support.
Trying to import the above resulted in these errors:
 - `Import pyarrow` failed. pyarrow is required for parquet support. Use pip or conda to install the pyarrow package.
 - `Import fastparquet` failed. fastparquet is required for parquet support. Use pip or conda to install the fastparquet package.
2026-02-27T16:00:57.467823-0800 INFO Função 'soma' executada em 2.0009 segundos timer_decorator.py
2026-02-27T16:00:59.470948-0800 INFO Função 'soma' executada em 2.0011 segundos timer_decorator.py
